I1001 22:53:21.009266 140274624001792 main.py:87] hparams: [('batch_size', 1), ('ckpt', 'examples/vc/vcc2018/ckpts/StarGAN/'), ('cls', 'main'), ('convert_config', None), ('dataset_builder', 'voice_conversion_dataset'), ('dev_dataset_builder', None), ('devset_config', {'data_csv': 'examples/vc/vcc2018/data_numpy/dev.csv', 'codedsp_dim': 36, 'cmvn_file': 'examples/vc/vcc2018/data/cmvn', 'input_length_range': [10, 8000], 'enable_load_from_disk': True, 'fs': 22050, 'fft_size': 1024}), ('inference_config', {'model_avg_num': 0, 'fs': 22050}), ('model', 'stargan'), ('model_config', {'codedsp_dim': 36, 'lambda_cycle': 10, 'lambda_identity': 5, 'lambda_classifier': 3, 'optimizer_config': {'d_model': 512, 'warmup_steps': 8000, 'k': 0.12, 'decay_steps': 200000, 'decay_rate': 0.1}}), ('num_classes', None), ('num_data_threads', 1), ('num_epochs', 200), ('optimizer', 'warmup_adam'), ('optimizer_config', None), ('pretrained_model', None), ('solver_config', {'clip_norm': 100, 'log_interval': 10, 'enable_tf_function': True}), ('solver_gpu', [3]), ('solver_type', 'vc'), ('sorta_epoch', 1), ('summary_dir', 'examples/vc/vcc2018/ckpts/StarGAN/event'), ('teacher_model', None), ('testset_config', {'data_csv': 'examples/vc/vcc2018/data_numpy/test.csv', 'codedsp_dim': 36, 'cmvn_file': 'examples/vc/vcc2018/data/cmvn', 'input_length_range': [10, 8000], 'enable_load_from_disk': True, 'fs': 22050, 'fft_size': 1024, 'num_speakers': 12}), ('trainset_config', {'data_csv': 'examples/vc/vcc2018/data_numpy/train.csv', 'codedsp_dim': 36, 'cmvn_file': 'examples/vc/vcc2018/data/cmvn', 'input_length_range': [10, 8000], 'enable_load_from_disk': True, 'fs': 22050, 'fft_size': 1024})]
I1001 22:53:22.202529 140274624001792 stargan_main.py:80] hparams: [('batch_size', 1), ('ckpt', 'examples/vc/vcc2018/ckpts/StarGAN/'), ('cls', 'main'), ('convert_config', None), ('dataset_builder', 'voice_conversion_dataset'), ('devset_config', {'data_csv': 'examples/vc/vcc2018/data_numpy/dev.csv', 'codedsp_dim': 36, 'cmvn_file': 'examples/vc/vcc2018/data/cmvn', 'input_length_range': [10, 8000], 'enable_load_from_disk': True, 'fs': 22050, 'fft_size': 1024}), ('inference_config', {'model_avg_num': 0, 'fs': 22050}), ('model', 'stargan'), ('model_config', {'codedsp_dim': 36, 'lambda_cycle': 10, 'lambda_identity': 5, 'lambda_classifier': 3, 'optimizer_config': {'d_model': 512, 'warmup_steps': 8000, 'k': 0.12, 'decay_steps': 200000, 'decay_rate': 0.1}}), ('num_classes', None), ('num_data_threads', 1), ('num_epochs', 200), ('optimizer', 'warmup_adam'), ('optimizer_config', None), ('pretrained_model', None), ('solver_config', {'clip_norm': 100, 'log_interval': 10, 'enable_tf_function': True}), ('solver_gpu', [3]), ('solver_type', 'vc'), ('sorta_epoch', 1), ('summary_dir', 'examples/vc/vcc2018/ckpts/StarGAN/event'), ('testset_config', {'data_csv': 'examples/vc/vcc2018/data_numpy/test.csv', 'codedsp_dim': 36, 'cmvn_file': 'examples/vc/vcc2018/data/cmvn', 'input_length_range': [10, 8000], 'enable_load_from_disk': True, 'fs': 22050, 'fft_size': 1024, 'num_speakers': 12}), ('trainset_config', {'data_csv': 'examples/vc/vcc2018/data_numpy/train.csv', 'codedsp_dim': 36, 'cmvn_file': 'examples/vc/vcc2018/data/cmvn', 'input_length_range': [10, 8000], 'enable_load_from_disk': True, 'fs': 22050, 'fft_size': 1024})]
I1001 22:53:22.208512 140274624001792 base.py:85] hparams: [('cls', <class 'athena.data.datasets.voice_conversion.VoiceConversionDatasetBuilder'>), ('cmvn_file', 'examples/vc/vcc2018/data/cmvn'), ('codedsp_dim', 36), ('data_csv', 'examples/vc/vcc2018/data_numpy/test.csv'), ('enable_load_from_disk', True), ('fft_size', 1024), ('fs', 22050), ('input_length_range', [10, 8000]), ('num_cmvn_workers', 1), ('num_speakers', 12)]
I1001 22:53:22.236222 140274624001792 feature_normalizer.py:273] Successfully load cmvn file examples/vc/vcc2018/data/cmvn
I1001 22:53:22.244024 140274624001792 voice_conversion.py:80] Loading data from examples/vc/vcc2018/data_numpy/test.csv
I1001 22:53:26.455744 140274624001792 checkpoint.py:53] trying to restore from : examples/vc/vcc2018/ckpts/StarGAN/
I1001 22:57:14.647962 140274624001792 base.py:85] hparams: [('cls', <class 'athena.data.datasets.voice_conversion.VoiceConversionDatasetBuilder'>), ('cmvn_file', 'examples/vc/vcc2018/data/cmvn'), ('codedsp_dim', 36), ('data_csv', 'examples/vc/vcc2018/data_numpy/test.csv'), ('enable_load_from_disk', True), ('fft_size', 1024), ('fs', 22050), ('input_length_range', [10, 8000]), ('num_cmvn_workers', 1), ('num_speakers', 12)]
I1001 22:57:14.748073 140274624001792 feature_normalizer.py:273] Successfully load cmvn file examples/vc/vcc2018/data/cmvn
I1001 22:57:14.751014 140274624001792 voice_conversion.py:80] Loading data from examples/vc/vcc2018/data_numpy/test.csv
I1001 22:57:14.779766 140274624001792 base.py:131] Creates the sub-dataset which is the 0 part of 1
I1001 22:57:14.783286 140274624001792 inference.py:56] shard result: 280
W1001 23:00:20.497001 140274624001792 util.py:144] Unresolved object in checkpoint: (root).optimizer_c.iter
W1001 23:00:20.535419 140274624001792 util.py:144] Unresolved object in checkpoint: (root).optimizer_c.beta_1
W1001 23:00:20.536820 140274624001792 util.py:144] Unresolved object in checkpoint: (root).optimizer_c.beta_2
W1001 23:00:20.537994 140274624001792 util.py:144] Unresolved object in checkpoint: (root).optimizer_c.decay
W1001 23:00:20.540938 140274624001792 util.py:144] Unresolved object in checkpoint: (root).optimizer_d.iter
W1001 23:00:20.543633 140274624001792 util.py:144] Unresolved object in checkpoint: (root).optimizer_d.beta_1
W1001 23:00:20.547351 140274624001792 util.py:144] Unresolved object in checkpoint: (root).optimizer_d.beta_2
W1001 23:00:20.552470 140274624001792 util.py:144] Unresolved object in checkpoint: (root).optimizer_d.decay
W1001 23:00:20.558576 140274624001792 util.py:144] Unresolved object in checkpoint: (root).optimizer_g.iter
W1001 23:00:20.562853 140274624001792 util.py:144] Unresolved object in checkpoint: (root).optimizer_g.beta_1
W1001 23:00:20.565533 140274624001792 util.py:144] Unresolved object in checkpoint: (root).optimizer_g.beta_2
W1001 23:00:20.568985 140274624001792 util.py:144] Unresolved object in checkpoint: (root).optimizer_g.decay
W1001 23:00:20.572757 140274624001792 util.py:152] A checkpoint was restored (e.g. tf.train.Checkpoint.restore or tf.keras.Model.load_weights) but not all checkpointed values were used. See above for specific issues. Use expect_partial() on the load status object, e.g. tf.train.Checkpoint.restore(...).expect_partial(), to silence these warnings, or use assert_consumed() to make the check explicit. See https://www.tensorflow.org/alpha/guide/checkpoints#loading_mechanics for details.
